生成启动时间为 2019/7/10 20:00:29。
     1>项目“C:\Users\Jason\Desktop\第四组-《程序设计与算法综合训练》课程设计-翻翻棋0000\VS2010项目文件\翻翻棋\翻翻棋.vcxproj”在节点 2 上(build 个目标)。
     1>InitializeBuildStatus:
         正在创建“Debug\翻翻棋.unsuccessfulbuild”，因为已指定“AlwaysCreate”。
       ClCompile:
         D:\Program Files (x86)\Microsoft Visual Studio 10.0\VC\bin\CL.exe /c /ZI /nologo /W3 /WX- /Od /Oy- /D _MBCS /Gm /EHsc /RTC1 /MDd /GS /fp:precise /Zc:wchar_t /Zc:forScope /Fo"Debug\\" /Fd"Debug\vc100.pdb" /Gd /TP /analyze- /errorReport:prompt Game.cpp
         Game.cpp
     1>c:\users\jason\desktop\第四组-《程序设计与算法综合训练》课程设计-翻翻棋0000\vs2010项目文件\翻翻棋\game.cpp(129): warning C4996: 'sprintf': This function or variable may be unsafe. Consider using sprintf_s instead. To disable deprecation, use _CRT_SECURE_NO_WARNINGS. See online help for details.
                 d:\program files (x86)\microsoft visual studio 10.0\vc\include\stdio.h(371) : 参见“sprintf”的声明
       Link:
         D:\Program Files (x86)\Microsoft Visual Studio 10.0\VC\bin\link.exe /ERRORREPORT:PROMPT /OUT:"C:\Users\Jason\Desktop\第四组-《程序设计与算法综合训练》课程设计-翻翻棋0000\VS2010项目文件\Debug\翻翻棋.exe" /NOLOGO kernel32.lib user32.lib gdi32.lib winspool.lib comdlg32.lib advapi32.lib shell32.lib ole32.lib oleaut32.lib uuid.lib odbc32.lib odbccp32.lib /MANIFEST /ManifestFile:"Debug\翻翻棋.exe.intermediate.manifest" /MANIFESTUAC:"level='asInvoker' uiAccess='false'" /DEBUG /PDB:"C:\Users\Jason\Desktop\第四组-《程序设计与算法综合训练》课程设计-翻翻棋0000\VS2010项目文件\Debug\翻翻棋.pdb" /TLBID:1 /DYNAMICBASE /NXCOMPAT /IMPLIB:"C:\Users\Jason\Desktop\第四组-《程序设计与算法综合训练》课程设计-翻翻棋0000\VS2010项目文件\Debug\翻翻棋.lib" /MACHINE:X86 Debug\ChooseGame.obj
         Debug\ChooseMenu.obj
         Debug\Closegraph.obj
         Debug\DispMenu.obj
         Debug\Game.obj
         Debug\Introduce.obj
         Debug\main.obj
         LINK : 没有找到 C:\Users\Jason\Desktop\第四组-《程序设计与算法综合训练》课程设计-翻翻棋0000\VS2010项目文件\Debug\翻翻棋.exe 或上一个增量链接没有生成它；正在执行完全链接
         翻翻棋.vcxproj -> C:\Users\Jason\Desktop\第四组-《程序设计与算法综合训练》课程设计-翻翻棋0000\VS2010项目文件\Debug\翻翻棋.exe
       Manifest:
         C:\Program Files (x86)\Microsoft SDKs\Windows\v7.0A\bin\mt.exe /nologo /verbose /outputresource:"C:\Users\Jason\Desktop\第四组-《程序设计与算法综合训练》课程设计-翻翻棋0000\VS2010项目文件\Debug\翻翻棋.exe;#1" /manifest "Debug\翻翻棋.exe.intermediate.manifest"
       FinalizeBuildStatus:
         正在删除文件“Debug\翻翻棋.unsuccessfulbuild”。
         正在对“Debug\翻翻棋.lastbuildstate”执行 Touch 任务。
     1>已完成生成项目“C:\Users\Jason\Desktop\第四组-《程序设计与算法综合训练》课程设计-翻翻棋0000\VS2010项目文件\翻翻棋\翻翻棋.vcxproj”(build 个目标)的操作。

生成成功。

已用时间 00:00:01.51
